{"level":"info","message":"Logger initialized with level: debug","service":"property-maintenance-api","timestamp":"2026-03-05T12:06:52.024Z"}
{"level":"info","message":"API server is running on http://localhost:8000","service":"property-maintenance-api","timestamp":"2026-03-05T12:06:53.828Z"}
{"level":"info","message":"GET /","remoteAddr":"::1","responseTime":"1.459ms","service":"property-maintenance-api","status":"304","timestamp":"2026-03-05T12:06:54.249Z","userAgent":"Mozilla/5.0 (Macintosh; Intel Mac OS X 10_15_7) AppleWebKit/537.36 (KHTML, like Gecko) Chrome/145.0.0.0 Safari/537.36"}
{"level":"info","message":"GET /favicon.ico","remoteAddr":"::1","responseTime":"0.301ms","service":"property-maintenance-api","status":"304","timestamp":"2026-03-05T12:06:54.328Z","userAgent":"Mozilla/5.0 (Macintosh; Intel Mac OS X 10_15_7) AppleWebKit/537.36 (KHTML, like Gecko) Chrome/145.0.0.0 Safari/537.36"}
{"level":"info","message":"GET /","remoteAddr":"::1","responseTime":"0.452ms","service":"property-maintenance-api","status":"304","timestamp":"2026-03-05T12:06:55.081Z","userAgent":"Mozilla/5.0 (Macintosh; Intel Mac OS X 10_15_7) AppleWebKit/537.36 (KHTML, like Gecko) Chrome/145.0.0.0 Safari/537.36"}
{"level":"info","message":"GET /favicon.ico","remoteAddr":"::1","responseTime":"0.389ms","service":"property-maintenance-api","status":"304","timestamp":"2026-03-05T12:06:55.104Z","userAgent":"Mozilla/5.0 (Macintosh; Intel Mac OS X 10_15_7) AppleWebKit/537.36 (KHTML, like Gecko) Chrome/145.0.0.0 Safari/537.36"}
{"level":"info","message":"GET /","remoteAddr":"::1","responseTime":"0.102ms","service":"property-maintenance-api","status":"304","timestamp":"2026-03-05T12:06:55.428Z","userAgent":"Mozilla/5.0 (Macintosh; Intel Mac OS X 10_15_7) AppleWebKit/537.36 (KHTML, like Gecko) Chrome/145.0.0.0 Safari/537.36"}
{"level":"info","message":"GET /favicon.ico","remoteAddr":"::1","responseTime":"0.362ms","service":"property-maintenance-api","status":"304","timestamp":"2026-03-05T12:06:55.467Z","userAgent":"Mozilla/5.0 (Macintosh; Intel Mac OS X 10_15_7) AppleWebKit/537.36 (KHTML, like Gecko) Chrome/145.0.0.0 Safari/537.36"}
{"level":"info","message":"GET /","remoteAddr":"::1","responseTime":"0.107ms","service":"property-maintenance-api","status":"304","timestamp":"2026-03-05T12:06:55.642Z","userAgent":"Mozilla/5.0 (Macintosh; Intel Mac OS X 10_15_7) AppleWebKit/537.36 (KHTML, like Gecko) Chrome/145.0.0.0 Safari/537.36"}
{"level":"info","message":"GET /favicon.ico","remoteAddr":"::1","responseTime":"0.239ms","service":"property-maintenance-api","status":"304","timestamp":"2026-03-05T12:06:55.655Z","userAgent":"Mozilla/5.0 (Macintosh; Intel Mac OS X 10_15_7) AppleWebKit/537.36 (KHTML, like Gecko) Chrome/145.0.0.0 Safari/537.36"}
{"level":"info","message":"Logger initialized with level: debug","service":"property-maintenance-api","timestamp":"2026-03-05T12:07:02.499Z"}
{"level":"info","message":"API server is running on http://localhost:8000","service":"property-maintenance-api","timestamp":"2026-03-05T12:07:04.153Z"}
{"level":"info","message":"Logger initialized with level: debug","service":"property-maintenance-api","timestamp":"2026-03-05T12:07:12.962Z"}
{"level":"info","message":"API server is running on http://localhost:8000","service":"property-maintenance-api","timestamp":"2026-03-05T12:07:15.452Z"}
{"level":"info","message":"Logger initialized with level: debug","service":"property-maintenance-api","timestamp":"2026-03-05T12:07:21.365Z"}
{"level":"info","message":"Logger initialized with level: debug","service":"property-maintenance-api","timestamp":"2026-03-05T12:07:23.788Z"}
{"level":"info","message":"API server is running on http://localhost:8000","service":"property-maintenance-api","timestamp":"2026-03-05T12:07:25.271Z"}
{"level":"info","message":"Logger initialized with level: debug","service":"property-maintenance-api","timestamp":"2026-03-05T12:07:47.640Z"}
{"level":"info","message":"API server is running on http://localhost:8000","service":"property-maintenance-api","timestamp":"2026-03-05T12:07:49.566Z"}
{"level":"info","message":"Logger initialized with level: debug","service":"property-maintenance-api","timestamp":"2026-03-05T12:07:53.741Z"}
{"level":"info","message":"Logger initialized with level: debug","service":"property-maintenance-api","timestamp":"2026-03-05T12:07:55.633Z"}
{"level":"info","message":"API server is running on http://localhost:8000","service":"property-maintenance-api","timestamp":"2026-03-05T12:07:57.231Z"}
{"level":"info","message":"Logger initialized with level: debug","service":"property-maintenance-api","timestamp":"2026-03-05T12:08:25.609Z"}
{"level":"info","message":"Logger initialized with level: debug","service":"property-maintenance-api","timestamp":"2026-03-05T12:08:27.591Z"}
{"level":"info","message":"API server is running on http://localhost:8000","service":"property-maintenance-api","timestamp":"2026-03-05T12:08:29.693Z"}
{"level":"info","message":"Logger initialized with level: debug","service":"property-maintenance-api","timestamp":"2026-03-05T12:08:33.093Z"}
{"level":"info","message":"API server is running on http://localhost:8000","service":"property-maintenance-api","timestamp":"2026-03-05T12:08:34.614Z"}
{"level":"info","message":"Logger initialized with level: debug","service":"property-maintenance-api","timestamp":"2026-03-05T12:08:40.526Z"}
{"level":"info","message":"Logger initialized with level: debug","service":"property-maintenance-api","timestamp":"2026-03-05T12:08:42.632Z"}
{"level":"info","message":"Logger initialized with level: debug","service":"property-maintenance-api","timestamp":"2026-03-05T12:08:44.594Z"}
{"level":"info","message":"API server is running on http://localhost:8000","service":"property-maintenance-api","timestamp":"2026-03-05T12:08:46.382Z"}
{"level":"info","message":"Logger initialized with level: debug","service":"property-maintenance-api","timestamp":"2026-03-05T12:08:54.061Z"}
{"level":"info","message":"API server is running on http://localhost:8000","service":"property-maintenance-api","timestamp":"2026-03-05T12:08:55.523Z"}
{"level":"info","message":"Logger initialized with level: debug","service":"property-maintenance-api","timestamp":"2026-03-05T12:09:11.506Z"}
{"level":"info","message":"Logger initialized with level: debug","service":"property-maintenance-api","timestamp":"2026-03-05T12:09:13.301Z"}
{"level":"info","message":"API server is running on http://localhost:8000","service":"property-maintenance-api","timestamp":"2026-03-05T12:09:15.123Z"}
{"level":"info","message":"Logger initialized with level: debug","service":"property-maintenance-api","timestamp":"2026-03-05T12:09:16.371Z"}
{"level":"info","message":"API server is running on http://localhost:8000","service":"property-maintenance-api","timestamp":"2026-03-05T12:09:17.985Z"}
{"level":"info","message":"Logger initialized with level: debug","service":"property-maintenance-api","timestamp":"2026-03-05T12:09:27.363Z"}
{"level":"info","message":"API server is running on http://localhost:8000","service":"property-maintenance-api","timestamp":"2026-03-05T12:09:29.200Z"}
{"level":"info","message":"Logger initialized with level: debug","service":"property-maintenance-api","timestamp":"2026-03-05T12:09:38.559Z"}
{"level":"info","message":"API server is running on http://localhost:8000","service":"property-maintenance-api","timestamp":"2026-03-05T12:09:40.447Z"}
{"level":"info","message":"Hello from Property Maintenance API!","service":"property-maintenance-api","timestamp":"2026-03-05T12:09:40.620Z"}
{"level":"info","message":"::1 - - [05/Mar/2026:12:09:40 +0000] \"GET / HTTP/1.1\" 200 38 \"-\" \"Mozilla/5.0 (Macintosh; Intel Mac OS X 10_15_7) AppleWebKit/537.36 (KHTML, like Gecko) Chrome/145.0.0.0 Safari/537.36\"","service":"property-maintenance-api","timestamp":"2026-03-05T12:09:40.624Z"}
{"level":"info","message":"::1 - - [05/Mar/2026:12:09:40 +0000] \"GET /favicon.ico HTTP/1.1\" 404 27 \"http://localhost:8000/\" \"Mozilla/5.0 (Macintosh; Intel Mac OS X 10_15_7) AppleWebKit/537.36 (KHTML, like Gecko) Chrome/145.0.0.0 Safari/537.36\"","service":"property-maintenance-api","timestamp":"2026-03-05T12:09:40.682Z"}
{"level":"info","message":"Hello from Property Maintenance API!","service":"property-maintenance-api","timestamp":"2026-03-05T12:09:40.791Z"}
{"level":"info","message":"::1 - - [05/Mar/2026:12:09:40 +0000] \"GET / HTTP/1.1\" 304 - \"-\" \"Mozilla/5.0 (Macintosh; Intel Mac OS X 10_15_7) AppleWebKit/537.36 (KHTML, like Gecko) Chrome/145.0.0.0 Safari/537.36\"","service":"property-maintenance-api","timestamp":"2026-03-05T12:09:40.793Z"}
{"level":"info","message":"Hello from Property Maintenance API!","service":"property-maintenance-api","timestamp":"2026-03-05T12:09:40.990Z"}
{"level":"info","message":"::1 - - [05/Mar/2026:12:09:40 +0000] \"GET / HTTP/1.1\" 304 - \"-\" \"Mozilla/5.0 (Macintosh; Intel Mac OS X 10_15_7) AppleWebKit/537.36 (KHTML, like Gecko) Chrome/145.0.0.0 Safari/537.36\"","service":"property-maintenance-api","timestamp":"2026-03-05T12:09:40.991Z"}
{"level":"info","message":"::1 - - [05/Mar/2026:12:10:07 +0000] \"GET /health HTTP/1.1\" 200 106 \"-\" \"Mozilla/5.0 (Macintosh; Intel Mac OS X 10_15_7) AppleWebKit/537.36 (KHTML, like Gecko) Chrome/145.0.0.0 Safari/537.36\"","service":"property-maintenance-api","timestamp":"2026-03-05T12:10:07.401Z"}
{"level":"info","message":"Logger initialized with level: debug","service":"property-maintenance-api","timestamp":"2026-03-05T12:10:22.867Z"}
{"level":"info","message":"API server is running on http://localhost:8000","service":"property-maintenance-api","timestamp":"2026-03-05T12:10:24.713Z"}
{"level":"info","message":"Logger initialized with level: debug","service":"property-maintenance-api","timestamp":"2026-03-05T12:10:29.117Z"}
{"level":"info","message":"API server is running on http://localhost:8000","service":"property-maintenance-api","timestamp":"2026-03-05T12:10:30.713Z"}
{"level":"info","message":"::1 - - [05/Mar/2026:12:11:04 +0000] \"GET /favicon.ico HTTP/1.1\" 404 27 \"http://localhost:8000/health\" \"Mozilla/5.0 (Macintosh; Intel Mac OS X 10_15_7) AppleWebKit/537.36 (KHTML, like Gecko) Chrome/145.0.0.0 Safari/537.36\"","service":"property-maintenance-api","timestamp":"2026-03-05T12:11:04.263Z"}
{"level":"info","message":"::1 - - [05/Mar/2026:12:11:22 +0000] \"GET /health HTTP/1.1\" 200 106 \"-\" \"Mozilla/5.0 (Macintosh; Intel Mac OS X 10_15_7) AppleWebKit/537.36 (KHTML, like Gecko) Chrome/145.0.0.0 Safari/537.36\"","service":"property-maintenance-api","timestamp":"2026-03-05T12:11:22.487Z"}
{"level":"info","message":"::1 - - [05/Mar/2026:12:11:23 +0000] \"GET /health HTTP/1.1\" 200 106 \"-\" \"Mozilla/5.0 (Macintosh; Intel Mac OS X 10_15_7) AppleWebKit/537.36 (KHTML, like Gecko) Chrome/145.0.0.0 Safari/537.36\"","service":"property-maintenance-api","timestamp":"2026-03-05T12:11:23.450Z"}
{"level":"info","message":"::1 - - [05/Mar/2026:12:11:23 +0000] \"GET /health HTTP/1.1\" 200 104 \"-\" \"Mozilla/5.0 (Macintosh; Intel Mac OS X 10_15_7) AppleWebKit/537.36 (KHTML, like Gecko) Chrome/145.0.0.0 Safari/537.36\"","service":"property-maintenance-api","timestamp":"2026-03-05T12:11:23.797Z"}
{"level":"info","message":"::1 - - [05/Mar/2026:12:11:24 +0000] \"GET /health HTTP/1.1\" 200 103 \"-\" \"Mozilla/5.0 (Macintosh; Intel Mac OS X 10_15_7) AppleWebKit/537.36 (KHTML, like Gecko) Chrome/145.0.0.0 Safari/537.36\"","service":"property-maintenance-api","timestamp":"2026-03-05T12:11:24.300Z"}
{"level":"info","message":"::1 - - [05/Mar/2026:12:11:25 +0000] \"GET /health HTTP/1.1\" 200 106 \"-\" \"Mozilla/5.0 (Macintosh; Intel Mac OS X 10_15_7) AppleWebKit/537.36 (KHTML, like Gecko) Chrome/145.0.0.0 Safari/537.36\"","service":"property-maintenance-api","timestamp":"2026-03-05T12:11:25.042Z"}
{"level":"info","message":"::1 - - [05/Mar/2026:12:11:25 +0000] \"GET /health HTTP/1.1\" 200 106 \"-\" \"Mozilla/5.0 (Macintosh; Intel Mac OS X 10_15_7) AppleWebKit/537.36 (KHTML, like Gecko) Chrome/145.0.0.0 Safari/537.36\"","service":"property-maintenance-api","timestamp":"2026-03-05T12:11:25.279Z"}
{"level":"info","message":"::1 - - [05/Mar/2026:12:11:25 +0000] \"GET /health HTTP/1.1\" 200 106 \"-\" \"Mozilla/5.0 (Macintosh; Intel Mac OS X 10_15_7) AppleWebKit/537.36 (KHTML, like Gecko) Chrome/145.0.0.0 Safari/537.36\"","service":"property-maintenance-api","timestamp":"2026-03-05T12:11:25.560Z"}
{"level":"info","message":"::1 - - [05/Mar/2026:12:11:25 +0000] \"GET /health HTTP/1.1\" 200 106 \"-\" \"Mozilla/5.0 (Macintosh; Intel Mac OS X 10_15_7) AppleWebKit/537.36 (KHTML, like Gecko) Chrome/145.0.0.0 Safari/537.36\"","service":"property-maintenance-api","timestamp":"2026-03-05T12:11:25.795Z"}
{"level":"info","message":"::1 - - [05/Mar/2026:12:11:25 +0000] \"GET /health HTTP/1.1\" 200 106 \"-\" \"Mozilla/5.0 (Macintosh; Intel Mac OS X 10_15_7) AppleWebKit/537.36 (KHTML, like Gecko) Chrome/145.0.0.0 Safari/537.36\"","service":"property-maintenance-api","timestamp":"2026-03-05T12:11:25.991Z"}
{"level":"info","message":"::1 - - [05/Mar/2026:12:11:26 +0000] \"GET /health HTTP/1.1\" 200 106 \"-\" \"Mozilla/5.0 (Macintosh; Intel Mac OS X 10_15_7) AppleWebKit/537.36 (KHTML, like Gecko) Chrome/145.0.0.0 Safari/537.36\"","service":"property-maintenance-api","timestamp":"2026-03-05T12:11:26.219Z"}
{"level":"info","message":"::1 - - [05/Mar/2026:12:11:26 +0000] \"GET /health HTTP/1.1\" 200 106 \"-\" \"Mozilla/5.0 (Macintosh; Intel Mac OS X 10_15_7) AppleWebKit/537.36 (KHTML, like Gecko) Chrome/145.0.0.0 Safari/537.36\"","service":"property-maintenance-api","timestamp":"2026-03-05T12:11:26.417Z"}
{"level":"info","message":"::1 - - [05/Mar/2026:12:11:26 +0000] \"GET /health HTTP/1.1\" 200 106 \"-\" \"Mozilla/5.0 (Macintosh; Intel Mac OS X 10_15_7) AppleWebKit/537.36 (KHTML, like Gecko) Chrome/145.0.0.0 Safari/537.36\"","service":"property-maintenance-api","timestamp":"2026-03-05T12:11:26.627Z"}
{"level":"info","message":"::1 - - [05/Mar/2026:12:11:26 +0000] \"GET /health HTTP/1.1\" 200 106 \"-\" \"Mozilla/5.0 (Macintosh; Intel Mac OS X 10_15_7) AppleWebKit/537.36 (KHTML, like Gecko) Chrome/145.0.0.0 Safari/537.36\"","service":"property-maintenance-api","timestamp":"2026-03-05T12:11:26.829Z"}
{"level":"info","message":"::1 - - [05/Mar/2026:12:11:27 +0000] \"GET /health HTTP/1.1\" 200 106 \"-\" \"Mozilla/5.0 (Macintosh; Intel Mac OS X 10_15_7) AppleWebKit/537.36 (KHTML, like Gecko) Chrome/145.0.0.0 Safari/537.36\"","service":"property-maintenance-api","timestamp":"2026-03-05T12:11:27.039Z"}
{"level":"info","message":"::1 - - [05/Mar/2026:12:11:27 +0000] \"GET /health HTTP/1.1\" 200 105 \"-\" \"Mozilla/5.0 (Macintosh; Intel Mac OS X 10_15_7) AppleWebKit/537.36 (KHTML, like Gecko) Chrome/145.0.0.0 Safari/537.36\"","service":"property-maintenance-api","timestamp":"2026-03-05T12:11:27.247Z"}
{"level":"info","message":"::1 - - [05/Mar/2026:12:11:27 +0000] \"GET /health HTTP/1.1\" 200 106 \"-\" \"Mozilla/5.0 (Macintosh; Intel Mac OS X 10_15_7) AppleWebKit/537.36 (KHTML, like Gecko) Chrome/145.0.0.0 Safari/537.36\"","service":"property-maintenance-api","timestamp":"2026-03-05T12:11:27.481Z"}
{"level":"info","message":"::1 - - [05/Mar/2026:12:11:31 +0000] \"GET /health HTTP/1.1\" 200 106 \"-\" \"Mozilla/5.0 (Macintosh; Intel Mac OS X 10_15_7) AppleWebKit/537.36 (KHTML, like Gecko) Chrome/145.0.0.0 Safari/537.36\"","service":"property-maintenance-api","timestamp":"2026-03-05T12:11:31.173Z"}
{"level":"info","message":"::1 - - [05/Mar/2026:12:11:31 +0000] \"GET /health HTTP/1.1\" 200 106 \"-\" \"Mozilla/5.0 (Macintosh; Intel Mac OS X 10_15_7) AppleWebKit/537.36 (KHTML, like Gecko) Chrome/145.0.0.0 Safari/537.36\"","service":"property-maintenance-api","timestamp":"2026-03-05T12:11:31.340Z"}
{"level":"info","message":"::1 - - [05/Mar/2026:12:11:31 +0000] \"GET /health HTTP/1.1\" 200 106 \"-\" \"Mozilla/5.0 (Macintosh; Intel Mac OS X 10_15_7) AppleWebKit/537.36 (KHTML, like Gecko) Chrome/145.0.0.0 Safari/537.36\"","service":"property-maintenance-api","timestamp":"2026-03-05T12:11:31.508Z"}
{"level":"info","message":"::1 - - [05/Mar/2026:12:11:31 +0000] \"GET /health HTTP/1.1\" 200 105 \"-\" \"Mozilla/5.0 (Macintosh; Intel Mac OS X 10_15_7) AppleWebKit/537.36 (KHTML, like Gecko) Chrome/145.0.0.0 Safari/537.36\"","service":"property-maintenance-api","timestamp":"2026-03-05T12:11:31.677Z"}
{"level":"info","message":"::1 - - [05/Mar/2026:12:11:31 +0000] \"GET /health HTTP/1.1\" 200 105 \"-\" \"Mozilla/5.0 (Macintosh; Intel Mac OS X 10_15_7) AppleWebKit/537.36 (KHTML, like Gecko) Chrome/145.0.0.0 Safari/537.36\"","service":"property-maintenance-api","timestamp":"2026-03-05T12:11:31.841Z"}
{"level":"info","message":"::1 - - [05/Mar/2026:12:11:32 +0000] \"GET /health HTTP/1.1\" 200 106 \"-\" \"Mozilla/5.0 (Macintosh; Intel Mac OS X 10_15_7) AppleWebKit/537.36 (KHTML, like Gecko) Chrome/145.0.0.0 Safari/537.36\"","service":"property-maintenance-api","timestamp":"2026-03-05T12:11:32.046Z"}
{"level":"info","message":"::1 - - [05/Mar/2026:12:11:32 +0000] \"GET /health HTTP/1.1\" 200 106 \"-\" \"Mozilla/5.0 (Macintosh; Intel Mac OS X 10_15_7) AppleWebKit/537.36 (KHTML, like Gecko) Chrome/145.0.0.0 Safari/537.36\"","service":"property-maintenance-api","timestamp":"2026-03-05T12:11:32.224Z"}
{"level":"info","message":"::1 - - [05/Mar/2026:12:11:32 +0000] \"GET /health HTTP/1.1\" 200 103 \"-\" \"Mozilla/5.0 (Macintosh; Intel Mac OS X 10_15_7) AppleWebKit/537.36 (KHTML, like Gecko) Chrome/145.0.0.0 Safari/537.36\"","service":"property-maintenance-api","timestamp":"2026-03-05T12:11:32.357Z"}
{"level":"info","message":"::1 - - [05/Mar/2026:12:11:32 +0000] \"GET /health HTTP/1.1\" 200 103 \"-\" \"Mozilla/5.0 (Macintosh; Intel Mac OS X 10_15_7) AppleWebKit/537.36 (KHTML, like Gecko) Chrome/145.0.0.0 Safari/537.36\"","service":"property-maintenance-api","timestamp":"2026-03-05T12:11:32.525Z"}
{"level":"info","message":"::1 - - [05/Mar/2026:12:11:32 +0000] \"GET /health HTTP/1.1\" 200 106 \"-\" \"Mozilla/5.0 (Macintosh; Intel Mac OS X 10_15_7) AppleWebKit/537.36 (KHTML, like Gecko) Chrome/145.0.0.0 Safari/537.36\"","service":"property-maintenance-api","timestamp":"2026-03-05T12:11:32.656Z"}
{"level":"info","message":"Logger initialized with level: debug","service":"property-maintenance-api","timestamp":"2026-03-05T12:14:59.999Z"}
{"level":"info","message":"API server is running on http://localhost:8000","service":"property-maintenance-api","timestamp":"2026-03-05T12:15:04.741Z"}
{"level":"info","message":"Logger initialized with level: debug","service":"property-maintenance-api","timestamp":"2026-03-05T12:15:36.973Z"}
{"level":"info","message":"API server is running on http://localhost:8000","service":"property-maintenance-api","timestamp":"2026-03-05T12:15:38.781Z"}
{"level":"info","message":"Register request for email: tenant@test.com","service":"property-maintenance-api","timestamp":"2026-03-05T12:15:57.954Z"}
{"level":"info","message":"Register attempt with data: {\"name\":\"Tenant User\",\"email\":\"tenant@test.com\",\"password\":\"password123\",\"phone\":\"1111111111\",\"role\":\"TENANT\"}","service":"property-maintenance-api","timestamp":"2026-03-05T12:15:57.954Z"}
{"level":"info","message":"User registered successfully: tenant@test.com","service":"property-maintenance-api","timestamp":"2026-03-05T12:15:58.675Z"}
{"level":"info","message":"User registered successfully: tenant@test.com","service":"property-maintenance-api","timestamp":"2026-03-05T12:15:58.676Z"}
{"level":"info","message":"::1 - - [05/Mar/2026:12:15:58 +0000] \"POST /api/v1/users/auth/register HTTP/1.1\" 201 42 \"-\" \"PostmanRuntime/7.51.1\"","service":"property-maintenance-api","timestamp":"2026-03-05T12:15:58.678Z"}
{"level":"info","message":"Login attempt for email: tenant@test.com","service":"property-maintenance-api","timestamp":"2026-03-05T12:16:04.713Z"}
{"level":"info","message":"Login attempt for email: tenant@test.com","service":"property-maintenance-api","timestamp":"2026-03-05T12:16:04.714Z"}
{"level":"info","message":"User logged in successfully: tenant@test.com","service":"property-maintenance-api","timestamp":"2026-03-05T12:16:05.150Z"}
{"level":"info","message":"User logged in successfully: tenant@test.com","service":"property-maintenance-api","timestamp":"2026-03-05T12:16:05.150Z"}
{"level":"info","message":"::1 - - [05/Mar/2026:12:16:05 +0000] \"POST /api/v1/users/auth/login HTTP/1.1\" 200 30 \"-\" \"PostmanRuntime/7.51.1\"","service":"property-maintenance-api","timestamp":"2026-03-05T12:16:05.151Z"}
{"level":"info","message":"Logger initialized with level: debug","service":"property-maintenance-api","timestamp":"2026-03-05T12:16:28.199Z"}
{"level":"info","message":"API server is running on http://localhost:8000","service":"property-maintenance-api","timestamp":"2026-03-05T12:16:30.032Z"}
{"level":"info","message":"Logger initialized with level: debug","service":"property-maintenance-api","timestamp":"2026-03-05T12:16:42.696Z"}
{"level":"info","message":"API server is running on http://localhost:8000","service":"property-maintenance-api","timestamp":"2026-03-05T12:16:44.450Z"}
{"level":"info","message":"Login attempt for email: tenadsdnt@test.com","service":"property-maintenance-api","timestamp":"2026-03-05T12:17:55.368Z"}
{"level":"info","message":"Login attempt for email: tenadsdnt@test.com","service":"property-maintenance-api","timestamp":"2026-03-05T12:17:55.369Z"}
{"level":"warn","message":"Login failed - User not found: tenadsdnt@test.com","service":"property-maintenance-api","timestamp":"2026-03-05T12:17:55.610Z"}
{"level":"error","message":"Login failed: Invalid email or password","service":"property-maintenance-api","timestamp":"2026-03-05T12:17:55.612Z"}
{"level":"info","message":"::1 - - [05/Mar/2026:12:17:55 +0000] \"POST /api/v1/users/auth/login HTTP/1.1\" 401 39 \"-\" \"PostmanRuntime/7.51.1\"","service":"property-maintenance-api","timestamp":"2026-03-05T12:17:55.616Z"}
{"level":"info","message":"Login attempt for email: tenant@test.com","service":"property-maintenance-api","timestamp":"2026-03-05T12:18:29.122Z"}
{"level":"info","message":"Login attempt for email: tenant@test.com","service":"property-maintenance-api","timestamp":"2026-03-05T12:18:29.122Z"}
{"level":"info","message":"User logged in successfully: tenant@test.com","service":"property-maintenance-api","timestamp":"2026-03-05T12:18:29.561Z"}
{"level":"info","message":"User logged in successfully: tenant@test.com","service":"property-maintenance-api","timestamp":"2026-03-05T12:18:29.561Z"}
{"level":"info","message":"::1 - - [05/Mar/2026:12:18:29 +0000] \"POST /api/v1/users/auth/login HTTP/1.1\" 200 30 \"-\" \"PostmanRuntime/7.51.1\"","service":"property-maintenance-api","timestamp":"2026-03-05T12:18:29.562Z"}
{"level":"info","message":"Token verified successfully for userId: [object Object]","service":"property-maintenance-api","timestamp":"2026-03-05T12:18:38.243Z"}
{"level":"info","message":"Fetching user with ID: 21901a51-8bc1-4a29-a924-b0511a6cf802","service":"property-maintenance-api","timestamp":"2026-03-05T12:18:38.244Z"}
{"level":"info","message":"Fetched user successfully: tenant@test.com","service":"property-maintenance-api","timestamp":"2026-03-05T12:18:38.489Z"}
{"level":"info","message":"Fetched current user: tenant@test.com","service":"property-maintenance-api","timestamp":"2026-03-05T12:18:38.489Z"}
{"level":"info","message":"::1 - - [05/Mar/2026:12:18:38 +0000] \"GET /api/v1/users/auth/me HTTP/1.1\" 200 331 \"-\" \"PostmanRuntime/7.51.1\"","service":"property-maintenance-api","timestamp":"2026-03-05T12:18:38.490Z"}
{"level":"info","message":"Logger initialized with level: debug","service":"property-maintenance-api","timestamp":"2026-03-05T12:19:54.277Z"}
{"level":"info","message":"API server is running on http://localhost:8000","service":"property-maintenance-api","timestamp":"2026-03-05T12:19:55.898Z"}
{"level":"info","message":"Token verified successfully for userId: [object Object]","service":"property-maintenance-api","timestamp":"2026-03-05T12:20:08.258Z"}
{"level":"info","message":"Fetching user with ID: 21901a51-8bc1-4a29-a924-b0511a6cf802","service":"property-maintenance-api","timestamp":"2026-03-05T12:20:08.258Z"}
{"level":"info","message":"Fetched user successfully: tenant@test.com","service":"property-maintenance-api","timestamp":"2026-03-05T12:20:08.506Z"}
{"level":"info","message":"Fetched current user: tenant@test.com","service":"property-maintenance-api","timestamp":"2026-03-05T12:20:08.506Z"}
{"level":"info","message":"::1 - - [05/Mar/2026:12:20:08 +0000] \"GET /api/v1/users/auth/me HTTP/1.1\" 200 177 \"-\" \"PostmanRuntime/7.51.1\"","service":"property-maintenance-api","timestamp":"2026-03-05T12:20:08.510Z"}
{"level":"info","message":"Logger initialized with level: debug","service":"property-maintenance-api","timestamp":"2026-03-05T12:24:09.723Z"}
{"level":"info","message":"API server is running on http://localhost:8000","service":"property-maintenance-api","timestamp":"2026-03-05T12:24:11.292Z"}
{"level":"info","message":"Logger initialized with level: debug","service":"property-maintenance-api","timestamp":"2026-03-05T12:24:28.995Z"}
{"level":"info","message":"API server is running on http://localhost:8000","service":"property-maintenance-api","timestamp":"2026-03-05T12:24:31.485Z"}
{"level":"info","message":"Logger initialized with level: debug","service":"property-maintenance-api","timestamp":"2026-03-05T12:25:06.657Z"}
{"level":"info","message":"API server is running on http://localhost:8000","service":"property-maintenance-api","timestamp":"2026-03-05T12:25:08.306Z"}
{"level":"info","message":"Logger initialized with level: debug","service":"property-maintenance-api","timestamp":"2026-03-05T12:25:11.028Z"}
{"level":"info","message":"API server is running on http://localhost:8000","service":"property-maintenance-api","timestamp":"2026-03-05T12:25:12.538Z"}
{"level":"error","message":"Uncaught Exception: Connection terminated unexpectedly","service":"property-maintenance-api","stack":"Error: Connection terminated unexpectedly\n    at Connection.<anonymous> (/Users/anuj846k/Developer/2-property-maintainance--management-system/node_modules/.pnpm/pg@8.20.0/node_modules/pg/lib/client.js:180:73)\n    at Object.onceWrapper (node:events:632:28)\n    at Connection.emit (node:events:518:28)\n    at Socket.<anonymous> (/Users/anuj846k/Developer/2-property-maintainance--management-system/node_modules/.pnpm/pg@8.20.0/node_modules/pg/lib/connection.js:61:12)\n    at Socket.emit (node:events:530:35)\n    at TCP.<anonymous> (node:net:351:12)","timestamp":"2026-03-05T12:25:17.355Z"}
{"level":"info","message":"Logger initialized with level: debug","service":"property-maintenance-api","timestamp":"2026-03-05T12:25:21.686Z"}
{"level":"info","message":"API server is running on http://localhost:8000","service":"property-maintenance-api","timestamp":"2026-03-05T12:25:24.015Z"}
{"level":"error","message":"Uncaught Exception: Connection terminated unexpectedly","service":"property-maintenance-api","stack":"Error: Connection terminated unexpectedly\n    at Connection.<anonymous> (/Users/anuj846k/Developer/2-property-maintainance--management-system/node_modules/.pnpm/pg@8.20.0/node_modules/pg/lib/client.js:180:73)\n    at Object.onceWrapper (node:events:632:28)\n    at Connection.emit (node:events:518:28)\n    at Socket.<anonymous> (/Users/anuj846k/Developer/2-property-maintainance--management-system/node_modules/.pnpm/pg@8.20.0/node_modules/pg/lib/connection.js:61:12)\n    at Socket.emit (node:events:530:35)\n    at TCP.<anonymous> (node:net:351:12)","timestamp":"2026-03-05T12:30:32.893Z"}
{"level":"info","message":"Logger initialized with level: debug","service":"property-maintenance-api","timestamp":"2026-03-05T12:31:39.942Z"}
{"level":"info","message":"API server is running on http://localhost:8000","service":"property-maintenance-api","timestamp":"2026-03-05T12:31:42.612Z"}
{"level":"info","message":"Login attempt for email: tenant@test.com","service":"property-maintenance-api","timestamp":"2026-03-05T12:31:44.611Z"}
{"level":"info","message":"Login attempt for email: tenant@test.com","service":"property-maintenance-api","timestamp":"2026-03-05T12:31:44.612Z"}
{"level":"info","message":"User logged in successfully: tenant@test.com","service":"property-maintenance-api","timestamp":"2026-03-05T12:31:45.069Z"}
{"level":"info","message":"User logged in successfully: tenant@test.com","service":"property-maintenance-api","timestamp":"2026-03-05T12:31:45.070Z"}
{"level":"info","message":"::1 - - [05/Mar/2026:12:31:45 +0000] \"POST /api/v1/users/auth/login HTTP/1.1\" 200 30 \"-\" \"PostmanRuntime/7.51.1\"","service":"property-maintenance-api","timestamp":"2026-03-05T12:31:45.071Z"}
{"level":"info","message":"Shutting down gracefully...","service":"property-maintenance-api","timestamp":"2026-03-05T12:31:47.184Z"}
{"level":"info","message":"Logger initialized with level: debug","service":"property-maintenance-api","timestamp":"2026-03-05T12:39:53.791Z"}
{"level":"info","message":"Logger initialized with level: debug","service":"property-maintenance-api","timestamp":"2026-03-05T12:39:59.160Z"}
{"level":"info","message":"API server is running on http://localhost:8000","service":"property-maintenance-api","timestamp":"2026-03-05T12:40:00.796Z"}
{"level":"info","message":"Token verified successfully for userId: [object Object]","service":"property-maintenance-api","timestamp":"2026-03-05T12:40:02.386Z"}
{"level":"error","message":"createTicketController error: Invalid UUID","service":"property-maintenance-api","timestamp":"2026-03-05T12:40:02.392Z"}
{"level":"info","message":"::1 - - [05/Mar/2026:12:40:02 +0000] \"POST /api/v1/tickets/ HTTP/1.1\" 400 26 \"-\" \"PostmanRuntime/7.51.1\"","service":"property-maintenance-api","timestamp":"2026-03-05T12:40:02.394Z"}
{"level":"info","message":"Token verified successfully for userId: [object Object]","service":"property-maintenance-api","timestamp":"2026-03-05T12:40:34.564Z"}
{"level":"warn","message":"Forbidden access attempt by userId: 21901a51-8bc1-4a29-a924-b0511a6cf802 with role: TENANT to /api/v1/properties/","service":"property-maintenance-api","timestamp":"2026-03-05T12:40:34.565Z"}
{"level":"info","message":"::1 - - [05/Mar/2026:12:40:34 +0000] \"POST /api/v1/properties/ HTTP/1.1\" 403 23 \"-\" \"PostmanRuntime/7.51.1\"","service":"property-maintenance-api","timestamp":"2026-03-05T12:40:34.566Z"}
{"level":"info","message":"Token verified successfully for userId: [object Object]","service":"property-maintenance-api","timestamp":"2026-03-05T12:40:35.735Z"}
{"level":"warn","message":"Forbidden access attempt by userId: 21901a51-8bc1-4a29-a924-b0511a6cf802 with role: TENANT to /api/v1/properties/","service":"property-maintenance-api","timestamp":"2026-03-05T12:40:35.735Z"}
{"level":"info","message":"::1 - - [05/Mar/2026:12:40:35 +0000] \"POST /api/v1/properties/ HTTP/1.1\" 403 23 \"-\" \"PostmanRuntime/7.51.1\"","service":"property-maintenance-api","timestamp":"2026-03-05T12:40:35.736Z"}
{"level":"info","message":"Login attempt for email: manager@test.com","service":"property-maintenance-api","timestamp":"2026-03-05T12:40:40.375Z"}
{"level":"info","message":"Login attempt for email: manager@test.com","service":"property-maintenance-api","timestamp":"2026-03-05T12:40:40.375Z"}
{"level":"warn","message":"Login failed - User not found: manager@test.com","service":"property-maintenance-api","timestamp":"2026-03-05T12:40:40.652Z"}
{"level":"error","message":"Login failed: Invalid email or password","service":"property-maintenance-api","timestamp":"2026-03-05T12:40:40.652Z"}
{"level":"info","message":"::1 - - [05/Mar/2026:12:40:40 +0000] \"POST /api/v1/users/auth/login HTTP/1.1\" 401 39 \"-\" \"PostmanRuntime/7.51.1\"","service":"property-maintenance-api","timestamp":"2026-03-05T12:40:40.653Z"}
{"level":"info","message":"Register request for email: manager@test.com","service":"property-maintenance-api","timestamp":"2026-03-05T12:40:44.096Z"}
{"level":"info","message":"Register attempt with data: {\"name\":\"Manager User\",\"email\":\"manager@test.com\",\"password\":\"password123\",\"phone\":\"2222222222\",\"role\":\"MANAGER\"}","service":"property-maintenance-api","timestamp":"2026-03-05T12:40:44.097Z"}
{"level":"info","message":"User registered successfully: manager@test.com","service":"property-maintenance-api","timestamp":"2026-03-05T12:40:44.822Z"}
{"level":"info","message":"User registered successfully: manager@test.com","service":"property-maintenance-api","timestamp":"2026-03-05T12:40:44.823Z"}
{"level":"info","message":"::1 - - [05/Mar/2026:12:40:44 +0000] \"POST /api/v1/users/auth/register HTTP/1.1\" 201 42 \"-\" \"PostmanRuntime/7.51.1\"","service":"property-maintenance-api","timestamp":"2026-03-05T12:40:44.824Z"}
{"level":"info","message":"Login attempt for email: manager@test.com","service":"property-maintenance-api","timestamp":"2026-03-05T12:40:46.796Z"}
{"level":"info","message":"Login attempt for email: manager@test.com","service":"property-maintenance-api","timestamp":"2026-03-05T12:40:46.796Z"}
{"level":"info","message":"User logged in successfully: manager@test.com","service":"property-maintenance-api","timestamp":"2026-03-05T12:40:47.212Z"}
{"level":"info","message":"User logged in successfully: manager@test.com","service":"property-maintenance-api","timestamp":"2026-03-05T12:40:47.212Z"}
{"level":"info","message":"::1 - - [05/Mar/2026:12:40:47 +0000] \"POST /api/v1/users/auth/login HTTP/1.1\" 200 30 \"-\" \"PostmanRuntime/7.51.1\"","service":"property-maintenance-api","timestamp":"2026-03-05T12:40:47.213Z"}
{"level":"info","message":"Token verified successfully for userId: [object Object]","service":"property-maintenance-api","timestamp":"2026-03-05T12:40:54.587Z"}
{"level":"info","message":"Listing users","service":"property-maintenance-api","timestamp":"2026-03-05T12:40:54.588Z"}
{"level":"info","message":"::1 - - [05/Mar/2026:12:40:54 +0000] \"GET /api/v1/users/users HTTP/1.1\" 200 352 \"-\" \"PostmanRuntime/7.51.1\"","service":"property-maintenance-api","timestamp":"2026-03-05T12:40:54.833Z"}
{"level":"info","message":"Token verified successfully for userId: [object Object]","service":"property-maintenance-api","timestamp":"2026-03-05T12:41:45.726Z"}
{"level":"info","message":"::1 - - [05/Mar/2026:12:41:45 +0000] \"GET /api/v1/users/users?role=tenant HTTP/1.1\" 400 33 \"-\" \"PostmanRuntime/7.51.1\"","service":"property-maintenance-api","timestamp":"2026-03-05T12:41:45.729Z"}
{"level":"info","message":"Token verified successfully for userId: [object Object]","service":"property-maintenance-api","timestamp":"2026-03-05T12:41:54.737Z"}
{"level":"info","message":"Listing users with role: TENANT","service":"property-maintenance-api","timestamp":"2026-03-05T12:41:54.737Z"}
{"level":"info","message":"::1 - - [05/Mar/2026:12:41:54 +0000] \"GET /api/v1/users/users?role=TENANT HTTP/1.1\" 200 180 \"-\" \"PostmanRuntime/7.51.1\"","service":"property-maintenance-api","timestamp":"2026-03-05T12:41:54.990Z"}
{"level":"info","message":"Token verified successfully for userId: [object Object]","service":"property-maintenance-api","timestamp":"2026-03-05T12:41:59.954Z"}
{"level":"info","message":"Listing users with role: MANAGER","service":"property-maintenance-api","timestamp":"2026-03-05T12:41:59.955Z"}
{"level":"info","message":"::1 - - [05/Mar/2026:12:42:00 +0000] \"GET /api/v1/users/users?role=MANAGER HTTP/1.1\" 200 183 \"-\" \"PostmanRuntime/7.51.1\"","service":"property-maintenance-api","timestamp":"2026-03-05T12:42:00.197Z"}
{"level":"info","message":"Token verified successfully for userId: [object Object]","service":"property-maintenance-api","timestamp":"2026-03-05T12:42:22.907Z"}
{"level":"info","message":"Listing users","service":"property-maintenance-api","timestamp":"2026-03-05T12:42:22.907Z"}
{"level":"info","message":"::1 - - [05/Mar/2026:12:42:23 +0000] \"GET /api/v1/users/users HTTP/1.1\" 200 352 \"-\" \"PostmanRuntime/7.51.1\"","service":"property-maintenance-api","timestamp":"2026-03-05T12:42:23.151Z"}
{"level":"error","message":"Uncaught Exception: Connection terminated unexpectedly","service":"property-maintenance-api","stack":"Error: Connection terminated unexpectedly\n    at Connection.<anonymous> (/Users/anuj846k/Developer/2-property-maintainance--management-system/node_modules/.pnpm/pg@8.20.0/node_modules/pg/lib/client.js:180:73)\n    at Object.onceWrapper (node:events:632:28)\n    at Connection.emit (node:events:518:28)\n    at Socket.<anonymous> (/Users/anuj846k/Developer/2-property-maintainance--management-system/node_modules/.pnpm/pg@8.20.0/node_modules/pg/lib/connection.js:61:12)\n    at Socket.emit (node:events:530:35)\n    at TCP.<anonymous> (node:net:351:12)","timestamp":"2026-03-05T12:47:32.542Z"}
{"level":"info","message":"Logger initialized with level: debug","service":"property-maintenance-api","timestamp":"2026-03-05T12:52:07.538Z"}
{"level":"info","message":"Logger initialized with level: debug","service":"property-maintenance-api","timestamp":"2026-03-05T12:52:08.884Z"}
{"level":"info","message":"Logger initialized with level: debug","service":"property-maintenance-api","timestamp":"2026-03-05T12:52:09.881Z"}
{"level":"info","message":"Logger initialized with level: debug","service":"property-maintenance-api","timestamp":"2026-03-05T12:52:11.886Z"}
{"level":"info","message":"Logger initialized with level: debug","service":"property-maintenance-api","timestamp":"2026-03-05T12:52:13.357Z"}
{"level":"info","message":"Logger initialized with level: debug","service":"property-maintenance-api","timestamp":"2026-03-05T12:52:14.370Z"}
{"level":"info","message":"Logger initialized with level: debug","service":"property-maintenance-api","timestamp":"2026-03-05T12:52:15.865Z"}
{"level":"info","message":"API server is running on http://localhost:8000","service":"property-maintenance-api","timestamp":"2026-03-05T12:52:17.383Z"}
{"level":"info","message":"Logger initialized with level: debug","service":"property-maintenance-api","timestamp":"2026-03-05T12:52:20.642Z"}
{"level":"info","message":"API server is running on http://localhost:8000","service":"property-maintenance-api","timestamp":"2026-03-05T12:52:22.134Z"}
{"level":"info","message":"Token verified successfully for userId: [object Object]","service":"property-maintenance-api","timestamp":"2026-03-05T12:53:21.506Z"}
{"level":"info","message":"Listing users","service":"property-maintenance-api","timestamp":"2026-03-05T12:53:21.507Z"}
{"level":"info","message":"::1 - - [05/Mar/2026:12:53:21 +0000] \"GET /api/v1/users/users/ HTTP/1.1\" 200 352 \"-\" \"PostmanRuntime/7.51.1\"","service":"property-maintenance-api","timestamp":"2026-03-05T12:53:21.770Z"}
{"level":"info","message":"Token verified successfully for userId: [object Object]","service":"property-maintenance-api","timestamp":"2026-03-05T12:53:26.049Z"}
{"level":"info","message":"Listing users","service":"property-maintenance-api","timestamp":"2026-03-05T12:53:26.050Z"}
{"level":"info","message":"::1 - - [05/Mar/2026:12:53:26 +0000] \"GET /api/v1/users/users/ HTTP/1.1\" 200 352 \"-\" \"PostmanRuntime/7.51.1\"","service":"property-maintenance-api","timestamp":"2026-03-05T12:53:26.274Z"}
{"level":"info","message":"Token verified successfully for userId: [object Object]","service":"property-maintenance-api","timestamp":"2026-03-05T12:53:48.155Z"}
{"level":"info","message":"Manager fetching user by id: 21901a51-8bc1-4a29-a924-b0511a6cf802","service":"property-maintenance-api","timestamp":"2026-03-05T12:53:48.156Z"}
{"level":"info","message":"::1 - - [05/Mar/2026:12:53:48 +0000] \"GET /api/v1/users/users/21901a51-8bc1-4a29-a924-b0511a6cf802 HTTP/1.1\" 200 177 \"-\" \"PostmanRuntime/7.51.1\"","service":"property-maintenance-api","timestamp":"2026-03-05T12:53:48.406Z"}
{"level":"info","message":"Token verified successfully for userId: [object Object]","service":"property-maintenance-api","timestamp":"2026-03-05T12:54:04.442Z"}
{"level":"info","message":"createPropertyController by userId=6b53bf04-a58c-41c5-b8a0-622ed805e69e name=Sunset Apartments","service":"property-maintenance-api","timestamp":"2026-03-05T12:54:04.442Z"}
{"level":"info","message":"createPropertyService called by managerId=6b53bf04-a58c-41c5-b8a0-622ed805e69e name=Sunset Apartments","service":"property-maintenance-api","timestamp":"2026-03-05T12:54:04.442Z"}
{"level":"info","message":"Property created id=a14c4509-0cdf-434f-a56f-7afae102217c by managerId=6b53bf04-a58c-41c5-b8a0-622ed805e69e","service":"property-maintenance-api","timestamp":"2026-03-05T12:54:04.679Z"}
{"level":"info","message":"::1 - - [05/Mar/2026:12:54:04 +0000] \"POST /api/v1/properties/ HTTP/1.1\" 201 226 \"-\" \"PostmanRuntime/7.51.1\"","service":"property-maintenance-api","timestamp":"2026-03-05T12:54:04.681Z"}
{"level":"info","message":"Token verified successfully for userId: [object Object]","service":"property-maintenance-api","timestamp":"2026-03-05T12:54:12.244Z"}
{"level":"info","message":"getPropertiesController for userId=6b53bf04-a58c-41c5-b8a0-622ed805e69e","service":"property-maintenance-api","timestamp":"2026-03-05T12:54:12.245Z"}
{"level":"info","message":"getPropertiesForManagerService for managerId=6b53bf04-a58c-41c5-b8a0-622ed805e69e","service":"property-maintenance-api","timestamp":"2026-03-05T12:54:12.245Z"}
{"level":"info","message":"Fetched 1 properties for managerId=6b53bf04-a58c-41c5-b8a0-622ed805e69e","service":"property-maintenance-api","timestamp":"2026-03-05T12:54:12.634Z"}
{"level":"info","message":"::1 - - [05/Mar/2026:12:54:12 +0000] \"GET /api/v1/properties/ HTTP/1.1\" 200 230 \"-\" \"PostmanRuntime/7.51.1\"","service":"property-maintenance-api","timestamp":"2026-03-05T12:54:12.635Z"}
{"level":"info","message":"Token verified successfully for userId: [object Object]","service":"property-maintenance-api","timestamp":"2026-03-05T12:54:56.576Z"}
{"level":"warn","message":"Forbidden access attempt by userId: 6b53bf04-a58c-41c5-b8a0-622ed805e69e with role: MANAGER to /api/v1/tickets/","service":"property-maintenance-api","timestamp":"2026-03-05T12:54:56.576Z"}
{"level":"info","message":"::1 - - [05/Mar/2026:12:54:56 +0000] \"POST /api/v1/tickets/ HTTP/1.1\" 403 23 \"-\" \"PostmanRuntime/7.51.1\"","service":"property-maintenance-api","timestamp":"2026-03-05T12:54:56.577Z"}
{"level":"info","message":"Login attempt for email: tenant@test.com","service":"property-maintenance-api","timestamp":"2026-03-05T12:55:07.240Z"}
{"level":"info","message":"Login attempt for email: tenant@test.com","service":"property-maintenance-api","timestamp":"2026-03-05T12:55:07.240Z"}
{"level":"info","message":"User logged in successfully: tenant@test.com","service":"property-maintenance-api","timestamp":"2026-03-05T12:55:07.664Z"}
{"level":"info","message":"User logged in successfully: tenant@test.com","service":"property-maintenance-api","timestamp":"2026-03-05T12:55:07.664Z"}
{"level":"info","message":"::1 - - [05/Mar/2026:12:55:07 +0000] \"POST /api/v1/users/auth/login HTTP/1.1\" 200 30 \"-\" \"PostmanRuntime/7.51.1\"","service":"property-maintenance-api","timestamp":"2026-03-05T12:55:07.665Z"}
{"level":"info","message":"Token verified successfully for userId: [object Object]","service":"property-maintenance-api","timestamp":"2026-03-05T12:55:10.492Z"}
{"level":"info","message":"CreateTicket request by userId=21901a51-8bc1-4a29-a924-b0511a6cf802 title=Broken door lock","service":"property-maintenance-api","timestamp":"2026-03-05T12:55:10.508Z"}
{"level":"error","message":"createTicketService error: Unit not found for this property","service":"property-maintenance-api","timestamp":"2026-03-05T12:55:10.736Z"}
{"level":"error","message":"createTicketController error: Unit not found for this property","service":"property-maintenance-api","timestamp":"2026-03-05T12:55:10.736Z"}
{"level":"info","message":"::1 - - [05/Mar/2026:12:55:10 +0000] \"POST /api/v1/tickets/ HTTP/1.1\" 404 46 \"-\" \"PostmanRuntime/7.51.1\"","service":"property-maintenance-api","timestamp":"2026-03-05T12:55:10.737Z"}
{"level":"error","message":"Uncaught Exception: Connection terminated unexpectedly","service":"property-maintenance-api","stack":"Error: Connection terminated unexpectedly\n    at Connection.<anonymous> (/Users/anuj846k/Developer/2-property-maintainance--management-system/node_modules/.pnpm/pg@8.20.0/node_modules/pg/lib/client.js:180:73)\n    at Object.onceWrapper (node:events:632:28)\n    at Connection.emit (node:events:518:28)\n    at Socket.<anonymous> (/Users/anuj846k/Developer/2-property-maintainance--management-system/node_modules/.pnpm/pg@8.20.0/node_modules/pg/lib/connection.js:61:12)\n    at Socket.emit (node:events:530:35)\n    at TCP.<anonymous> (node:net:351:12)","timestamp":"2026-03-05T13:00:17.788Z"}
{"level":"info","message":"Logger initialized with level: debug","service":"property-maintenance-api","timestamp":"2026-03-05T13:03:10.431Z"}
{"level":"info","message":"API server is running on http://localhost:8000","service":"property-maintenance-api","timestamp":"2026-03-05T13:03:12.754Z"}
{"level":"info","message":"Token verified successfully for userId: [object Object]","service":"property-maintenance-api","timestamp":"2026-03-05T13:03:18.380Z"}
{"level":"warn","message":"Forbidden access attempt by userId: 21901a51-8bc1-4a29-a924-b0511a6cf802 with role: TENANT to /api/v1/properties/a14c4509-0cdf-434f-a56f-7afae102217c/assign-manager","service":"property-maintenance-api","timestamp":"2026-03-05T13:03:18.381Z"}
{"level":"info","message":"::1 - - [05/Mar/2026:13:03:18 +0000] \"POST /api/v1/properties/a14c4509-0cdf-434f-a56f-7afae102217c/assign-manager HTTP/1.1\" 403 23 \"-\" \"PostmanRuntime/7.51.1\"","service":"property-maintenance-api","timestamp":"2026-03-05T13:03:18.382Z"}
{"level":"info","message":"Register request for email: admin@test.com","service":"property-maintenance-api","timestamp":"2026-03-05T13:03:24.433Z"}
{"level":"info","message":"Register attempt with data: {\"name\":\"Admin User\",\"email\":\"admin@test.com\",\"password\":\"password123\",\"phone\":\"4444444444\",\"role\":\"ADMIN\"}","service":"property-maintenance-api","timestamp":"2026-03-05T13:03:24.434Z"}
{"level":"warn","message":"Validation failed: Invalid option: expected one of \"TENANT\"|\"MANAGER\"|\"TECHNICIAN\"","service":"property-maintenance-api","timestamp":"2026-03-05T13:03:24.436Z"}
{"level":"error","message":"Register failed: Invalid option: expected one of \"TENANT\"|\"MANAGER\"|\"TECHNICIAN\"","service":"property-maintenance-api","timestamp":"2026-03-05T13:03:24.437Z"}
{"level":"info","message":"::1 - - [05/Mar/2026:13:03:24 +0000] \"POST /api/v1/users/auth/register HTTP/1.1\" 400 83 \"-\" \"PostmanRuntime/7.51.1\"","service":"property-maintenance-api","timestamp":"2026-03-05T13:03:24.438Z"}
{"level":"info","message":"Logger initialized with level: debug","service":"property-maintenance-api","timestamp":"2026-03-05T13:05:01.515Z"}
{"level":"info","message":"API server is running on http://localhost:8000","service":"property-maintenance-api","timestamp":"2026-03-05T13:05:03.077Z"}
{"level":"info","message":"Logger initialized with level: debug","service":"property-maintenance-api","timestamp":"2026-03-05T13:05:15.913Z"}
{"level":"info","message":"API server is running on http://localhost:8000","service":"property-maintenance-api","timestamp":"2026-03-05T13:05:17.757Z"}
{"level":"info","message":"Logger initialized with level: debug","service":"property-maintenance-api","timestamp":"2026-03-05T13:05:55.734Z"}
{"level":"info","message":"API server is running on http://localhost:8000","service":"property-maintenance-api","timestamp":"2026-03-05T13:05:57.532Z"}
{"level":"info","message":"Register request for email: admin@test.com","service":"property-maintenance-api","timestamp":"2026-03-05T13:06:57.740Z"}
{"level":"info","message":"Register attempt with data: {\"name\":\"Admin User\",\"email\":\"admin@test.com\",\"password\":\"password123\",\"phone\":\"4444444444\",\"role\":\"ADMIN\"}","service":"property-maintenance-api","timestamp":"2026-03-05T13:06:57.741Z"}
{"level":"info","message":"User registered successfully: admin@test.com","service":"property-maintenance-api","timestamp":"2026-03-05T13:06:58.994Z"}
{"level":"info","message":"User registered successfully: admin@test.com","service":"property-maintenance-api","timestamp":"2026-03-05T13:06:58.995Z"}
{"level":"info","message":"::1 - - [05/Mar/2026:13:06:58 +0000] \"POST /api/v1/users/auth/register HTTP/1.1\" 201 42 \"-\" \"PostmanRuntime/7.51.1\"","service":"property-maintenance-api","timestamp":"2026-03-05T13:06:58.996Z"}
{"level":"info","message":"Login attempt for email: admin@test.com","service":"property-maintenance-api","timestamp":"2026-03-05T13:07:03.018Z"}
{"level":"info","message":"Login attempt for email: admin@test.com","service":"property-maintenance-api","timestamp":"2026-03-05T13:07:03.019Z"}
{"level":"info","message":"User logged in successfully: admin@test.com","service":"property-maintenance-api","timestamp":"2026-03-05T13:07:03.446Z"}
{"level":"info","message":"User logged in successfully: admin@test.com","service":"property-maintenance-api","timestamp":"2026-03-05T13:07:03.447Z"}
{"level":"info","message":"::1 - - [05/Mar/2026:13:07:03 +0000] \"POST /api/v1/users/auth/login HTTP/1.1\" 200 30 \"-\" \"PostmanRuntime/7.51.1\"","service":"property-maintenance-api","timestamp":"2026-03-05T13:07:03.447Z"}
{"level":"info","message":"Token verified successfully for userId: [object Object]","service":"property-maintenance-api","timestamp":"2026-03-05T13:07:06.869Z"}
{"level":"error","message":"assignManagerController error: Invalid manager id","service":"property-maintenance-api","timestamp":"2026-03-05T13:07:06.870Z"}
{"level":"info","message":"::1 - - [05/Mar/2026:13:07:06 +0000] \"POST /api/v1/properties/a14c4509-0cdf-434f-a56f-7afae102217c/assign-manager HTTP/1.1\" 400 32 \"-\" \"PostmanRuntime/7.51.1\"","service":"property-maintenance-api","timestamp":"2026-03-05T13:07:06.872Z"}
{"level":"info","message":"Token verified successfully for userId: [object Object]","service":"property-maintenance-api","timestamp":"2026-03-05T13:07:42.860Z"}
{"level":"info","message":"Property a14c4509-0cdf-434f-a56f-7afae102217c assigned to manager 6b53bf04-a58c-41c5-b8a0-622ed805e69e","service":"property-maintenance-api","timestamp":"2026-03-05T13:07:43.593Z"}
{"level":"info","message":"::1 - - [05/Mar/2026:13:07:43 +0000] \"POST /api/v1/properties/a14c4509-0cdf-434f-a56f-7afae102217c/assign-manager HTTP/1.1\" 200 226 \"-\" \"PostmanRuntime/7.51.1\"","service":"property-maintenance-api","timestamp":"2026-03-05T13:07:43.596Z"}
{"level":"info","message":"Login attempt for email: manager@test.com","service":"property-maintenance-api","timestamp":"2026-03-05T13:07:50.311Z"}
{"level":"info","message":"Login attempt for email: manager@test.com","service":"property-maintenance-api","timestamp":"2026-03-05T13:07:50.312Z"}
{"level":"info","message":"User logged in successfully: manager@test.com","service":"property-maintenance-api","timestamp":"2026-03-05T13:07:50.740Z"}
{"level":"info","message":"User logged in successfully: manager@test.com","service":"property-maintenance-api","timestamp":"2026-03-05T13:07:50.740Z"}
{"level":"info","message":"::1 - - [05/Mar/2026:13:07:50 +0000] \"POST /api/v1/users/auth/login HTTP/1.1\" 200 30 \"-\" \"PostmanRuntime/7.51.1\"","service":"property-maintenance-api","timestamp":"2026-03-05T13:07:50.740Z"}
{"level":"info","message":"Token verified successfully for userId: [object Object]","service":"property-maintenance-api","timestamp":"2026-03-05T13:08:14.000Z"}
{"level":"info","message":"createPropertyController by userId=6b53bf04-a58c-41c5-b8a0-622ed805e69e name=panosis Apartments","service":"property-maintenance-api","timestamp":"2026-03-05T13:08:14.001Z"}
{"level":"info","message":"createPropertyService called by managerId=6b53bf04-a58c-41c5-b8a0-622ed805e69e name=panosis Apartments","service":"property-maintenance-api","timestamp":"2026-03-05T13:08:14.002Z"}
{"level":"info","message":"Property created id=7b89ee72-e2db-4310-919b-cf8b6398f628 by managerId=6b53bf04-a58c-41c5-b8a0-622ed805e69e","service":"property-maintenance-api","timestamp":"2026-03-05T13:08:14.240Z"}
{"level":"info","message":"::1 - - [05/Mar/2026:13:08:14 +0000] \"POST /api/v1/properties/ HTTP/1.1\" 201 241 \"-\" \"PostmanRuntime/7.51.1\"","service":"property-maintenance-api","timestamp":"2026-03-05T13:08:14.242Z"}
{"level":"info","message":"Token verified successfully for userId: [object Object]","service":"property-maintenance-api","timestamp":"2026-03-05T13:08:28.586Z"}
{"level":"info","message":"getPropertiesController for userId=6b53bf04-a58c-41c5-b8a0-622ed805e69e","service":"property-maintenance-api","timestamp":"2026-03-05T13:08:28.587Z"}
{"level":"info","message":"getPropertiesForManagerService for managerId=6b53bf04-a58c-41c5-b8a0-622ed805e69e","service":"property-maintenance-api","timestamp":"2026-03-05T13:08:28.587Z"}
{"level":"info","message":"Fetched 2 properties for managerId=6b53bf04-a58c-41c5-b8a0-622ed805e69e","service":"property-maintenance-api","timestamp":"2026-03-05T13:08:28.827Z"}
{"level":"info","message":"::1 - - [05/Mar/2026:13:08:28 +0000] \"GET /api/v1/properties/ HTTP/1.1\" 200 459 \"-\" \"PostmanRuntime/7.51.1\"","service":"property-maintenance-api","timestamp":"2026-03-05T13:08:28.829Z"}
{"level":"error","message":"Uncaught Exception: Connection terminated unexpectedly","service":"property-maintenance-api","stack":"Error: Connection terminated unexpectedly\n    at Connection.<anonymous> (/Users/anuj846k/Developer/2-property-maintainance--management-system/node_modules/.pnpm/pg@8.20.0/node_modules/pg/lib/client.js:180:73)\n    at Object.onceWrapper (node:events:632:28)\n    at Connection.emit (node:events:518:28)\n    at Socket.<anonymous> (/Users/anuj846k/Developer/2-property-maintainance--management-system/node_modules/.pnpm/pg@8.20.0/node_modules/pg/lib/connection.js:61:12)\n    at Socket.emit (node:events:530:35)\n    at TCP.<anonymous> (node:net:351:12)","timestamp":"2026-03-05T13:17:32.516Z"}
