{"level":"error","message":"Login failed: Invalid email or password","service":"property-maintenance-api","timestamp":"2026-03-05T12:17:55.612Z"}
{"level":"error","message":"Uncaught Exception: Connection terminated unexpectedly","service":"property-maintenance-api","stack":"Error: Connection terminated unexpectedly\n    at Connection.<anonymous> (/Users/anuj846k/Developer/2-property-maintainance--management-system/node_modules/.pnpm/pg@8.20.0/node_modules/pg/lib/client.js:180:73)\n    at Object.onceWrapper (node:events:632:28)\n    at Connection.emit (node:events:518:28)\n    at Socket.<anonymous> (/Users/anuj846k/Developer/2-property-maintainance--management-system/node_modules/.pnpm/pg@8.20.0/node_modules/pg/lib/connection.js:61:12)\n    at Socket.emit (node:events:530:35)\n    at TCP.<anonymous> (node:net:351:12)","timestamp":"2026-03-05T12:25:17.355Z"}
{"level":"error","message":"Uncaught Exception: Connection terminated unexpectedly","service":"property-maintenance-api","stack":"Error: Connection terminated unexpectedly\n    at Connection.<anonymous> (/Users/anuj846k/Developer/2-property-maintainance--management-system/node_modules/.pnpm/pg@8.20.0/node_modules/pg/lib/client.js:180:73)\n    at Object.onceWrapper (node:events:632:28)\n    at Connection.emit (node:events:518:28)\n    at Socket.<anonymous> (/Users/anuj846k/Developer/2-property-maintainance--management-system/node_modules/.pnpm/pg@8.20.0/node_modules/pg/lib/connection.js:61:12)\n    at Socket.emit (node:events:530:35)\n    at TCP.<anonymous> (node:net:351:12)","timestamp":"2026-03-05T12:30:32.893Z"}
{"level":"error","message":"createTicketController error: Invalid UUID","service":"property-maintenance-api","timestamp":"2026-03-05T12:40:02.392Z"}
{"level":"error","message":"Login failed: Invalid email or password","service":"property-maintenance-api","timestamp":"2026-03-05T12:40:40.652Z"}
{"level":"error","message":"Uncaught Exception: Connection terminated unexpectedly","service":"property-maintenance-api","stack":"Error: Connection terminated unexpectedly\n    at Connection.<anonymous> (/Users/anuj846k/Developer/2-property-maintainance--management-system/node_modules/.pnpm/pg@8.20.0/node_modules/pg/lib/client.js:180:73)\n    at Object.onceWrapper (node:events:632:28)\n    at Connection.emit (node:events:518:28)\n    at Socket.<anonymous> (/Users/anuj846k/Developer/2-property-maintainance--management-system/node_modules/.pnpm/pg@8.20.0/node_modules/pg/lib/connection.js:61:12)\n    at Socket.emit (node:events:530:35)\n    at TCP.<anonymous> (node:net:351:12)","timestamp":"2026-03-05T12:47:32.542Z"}
{"level":"error","message":"createTicketService error: Unit not found for this property","service":"property-maintenance-api","timestamp":"2026-03-05T12:55:10.736Z"}
{"level":"error","message":"createTicketController error: Unit not found for this property","service":"property-maintenance-api","timestamp":"2026-03-05T12:55:10.736Z"}
{"level":"error","message":"Uncaught Exception: Connection terminated unexpectedly","service":"property-maintenance-api","stack":"Error: Connection terminated unexpectedly\n    at Connection.<anonymous> (/Users/anuj846k/Developer/2-property-maintainance--management-system/node_modules/.pnpm/pg@8.20.0/node_modules/pg/lib/client.js:180:73)\n    at Object.onceWrapper (node:events:632:28)\n    at Connection.emit (node:events:518:28)\n    at Socket.<anonymous> (/Users/anuj846k/Developer/2-property-maintainance--management-system/node_modules/.pnpm/pg@8.20.0/node_modules/pg/lib/connection.js:61:12)\n    at Socket.emit (node:events:530:35)\n    at TCP.<anonymous> (node:net:351:12)","timestamp":"2026-03-05T13:00:17.788Z"}
{"level":"error","message":"Register failed: Invalid option: expected one of \"TENANT\"|\"MANAGER\"|\"TECHNICIAN\"","service":"property-maintenance-api","timestamp":"2026-03-05T13:03:24.437Z"}
{"level":"error","message":"assignManagerController error: Invalid manager id","service":"property-maintenance-api","timestamp":"2026-03-05T13:07:06.870Z"}
{"level":"error","message":"Uncaught Exception: Connection terminated unexpectedly","service":"property-maintenance-api","stack":"Error: Connection terminated unexpectedly\n    at Connection.<anonymous> (/Users/anuj846k/Developer/2-property-maintainance--management-system/node_modules/.pnpm/pg@8.20.0/node_modules/pg/lib/client.js:180:73)\n    at Object.onceWrapper (node:events:632:28)\n    at Connection.emit (node:events:518:28)\n    at Socket.<anonymous> (/Users/anuj846k/Developer/2-property-maintainance--management-system/node_modules/.pnpm/pg@8.20.0/node_modules/pg/lib/connection.js:61:12)\n    at Socket.emit (node:events:530:35)\n    at TCP.<anonymous> (node:net:351:12)","timestamp":"2026-03-05T13:17:32.516Z"}
{"level":"error","message":"Register failed: Invalid input: expected string, received undefined, Invalid input: expected string, received undefined, Invalid option: expected one of \"TENANT\"|\"MANAGER\"|\"TECHNICIAN\"|\"ADMIN\"","service":"property-maintenance-api","timestamp":"2026-03-06T03:37:35.432Z"}
{"level":"error","message":"Register failed: Email already in use","service":"property-maintenance-api","timestamp":"2026-03-07T08:16:43.412Z"}
{"level":"error","message":"Register failed: Phone number already in use","service":"property-maintenance-api","timestamp":"2026-03-07T08:16:52.262Z"}
{"level":"error","message":"Register failed: Phone number already in use","service":"property-maintenance-api","timestamp":"2026-03-07T08:19:49.381Z"}
{"level":"error","message":"createTicketController error: Invalid UUID","service":"property-maintenance-api","timestamp":"2026-03-07T08:21:07.947Z"}
{"level":"error","message":"Register failed: Phone number already in use","service":"property-maintenance-api","timestamp":"2026-03-07T08:21:38.541Z"}
{"level":"error","message":"Register failed: Email already in use","service":"property-maintenance-api","timestamp":"2026-03-07T08:24:26.542Z"}
{"level":"error","message":"Register failed: Phone number already in use","service":"property-maintenance-api","timestamp":"2026-03-07T08:24:38.146Z"}
{"level":"error","message":"createTicketService error: Unit not found for this property","service":"property-maintenance-api","timestamp":"2026-03-07T08:25:30.600Z"}
{"level":"error","message":"createTicketController error: Unit not found for this property","service":"property-maintenance-api","timestamp":"2026-03-07T08:25:30.600Z"}
{"level":"error","message":"createTicketService error: Unit not found for this property","service":"property-maintenance-api","timestamp":"2026-03-07T08:25:39.179Z"}
{"level":"error","message":"createTicketController error: Unit not found for this property","service":"property-maintenance-api","timestamp":"2026-03-07T08:25:39.180Z"}
{"level":"error","message":"createTicketService error: Unit not found for this property","service":"property-maintenance-api","timestamp":"2026-03-07T08:26:19.260Z"}
{"level":"error","message":"createTicketController error: Unit not found for this property","service":"property-maintenance-api","timestamp":"2026-03-07T08:26:19.261Z"}
{"level":"error","message":"createTicketService error: Must supply cloud_name","service":"property-maintenance-api","timestamp":"2026-03-07T08:26:43.390Z"}
{"level":"error","message":"createTicketController error: Must supply cloud_name","service":"property-maintenance-api","timestamp":"2026-03-07T08:26:43.391Z"}
{"level":"error","message":"Register failed: Phone number already in use","service":"property-maintenance-api","timestamp":"2026-03-07T08:27:47.994Z"}
{"level":"error","message":"getAllTicketsController error: Invalid filter values","service":"property-maintenance-api","timestamp":"2026-03-07T08:28:28.583Z"}
{"level":"error","message":"assignTicketController error: technicianId must be a valid UUID","service":"property-maintenance-api","timestamp":"2026-03-07T08:29:49.081Z"}
{"level":"error","message":"Register failed: Phone number already in use","service":"property-maintenance-api","timestamp":"2026-03-07T08:30:26.013Z"}
{"level":"error","message":"assignTicketController error: technicianId must be a valid UUID","service":"property-maintenance-api","timestamp":"2026-03-07T08:31:30.740Z"}
{"level":"error","message":"assignTicketController error: You do not have access to this ticket","service":"property-maintenance-api","timestamp":"2026-03-07T08:32:18.604Z"}
{"level":"error","message":"Register failed: Phone number already in use","service":"property-maintenance-api","timestamp":"2026-03-07T08:33:23.969Z"}
{"level":"error","message":"assignTicketController error: You do not have access to this ticket","service":"property-maintenance-api","timestamp":"2026-03-07T08:33:49.340Z"}
{"level":"error","message":"Register failed: Phone number already in use","service":"property-maintenance-api","timestamp":"2026-03-07T08:37:08.311Z"}
{"level":"error","message":"Uncaught Exception: Connection terminated unexpectedly","service":"property-maintenance-api","stack":"Error: Connection terminated unexpectedly\n    at Connection.<anonymous> (C:\\Users\\Nitesh Kumar\\Desktop\\Property-Management-System\\node_modules\\.pnpm\\pg@8.20.0\\node_modules\\pg\\lib\\client.js:180:73)\n    at Object.onceWrapper (node:events:622:28)\n    at Connection.emit (node:events:508:28)\n    at Socket.<anonymous> (C:\\Users\\Nitesh Kumar\\Desktop\\Property-Management-System\\node_modules\\.pnpm\\pg@8.20.0\\node_modules\\pg\\lib\\connection.js:61:12)\n    at Socket.emit (node:events:520:35)\n    at TCP.<anonymous> (node:net:346:12)","timestamp":"2026-03-07T08:42:34.243Z"}
{"level":"error","message":"Register failed: Email already in use","service":"property-maintenance-api","timestamp":"2026-03-07T09:46:45.870Z"}
{"level":"error","message":"Register failed: Phone number already in use","service":"property-maintenance-api","timestamp":"2026-03-07T09:47:00.019Z"}
{"level":"error","message":"Register failed: Phone number already in use","service":"property-maintenance-api","timestamp":"2026-03-07T09:48:30.477Z"}
{"level":"error","message":"Register failed: Phone number already in use","service":"property-maintenance-api","timestamp":"2026-03-07T09:51:54.962Z"}
{"level":"error","message":"Register failed: Phone number already in use","service":"property-maintenance-api","timestamp":"2026-03-07T09:52:37.242Z"}
{"level":"error","message":"assignTicketController error: You do not have access to this ticket","service":"property-maintenance-api","timestamp":"2026-03-07T09:57:40.346Z"}
